TN:
SF:app\controllers\todo.controller.js
FN:5,(anonymous_0)
FN:15,(anonymous_1)
FN:26,(anonymous_2)
FN:39,(anonymous_3)
FN:45,(anonymous_4)
FN:54,(anonymous_5)
FN:61,(anonymous_6)
FN:78,(anonymous_7)
FN:85,(anonymous_8)
FN:94,(anonymous_9)
FNF:10
FNH:10
FNDA:3,(anonymous_0)
FNDA:2,(anonymous_1)
FNDA:4,(anonymous_2)
FNDA:3,(anonymous_3)
FNDA:4,(anonymous_4)
FNDA:3,(anonymous_5)
FNDA:5,(anonymous_6)
FNDA:3,(anonymous_7)
FNDA:4,(anonymous_8)
FNDA:3,(anonymous_9)
DA:1,1
DA:2,1
DA:4,1
DA:6,3
DA:13,3
DA:15,2
DA:16,2
DA:18,1
DA:27,4
DA:28,4
DA:29,2
DA:35,2
DA:36,1
DA:39,3
DA:40,3
DA:42,2
DA:46,4
DA:52,4
DA:54,3
DA:55,3
DA:56,2
DA:58,1
DA:62,5
DA:68,5
DA:70,4
DA:76,4
DA:78,3
DA:79,3
DA:80,2
DA:82,1
DA:86,4
DA:92,4
DA:94,3
DA:95,3
DA:96,2
DA:98,1
DA:103,1
LF:37
LH:37
BRDA:13,0,0,1
BRDA:13,0,1,2
BRDA:16,1,0,1
BRDA:16,1,1,1
BRDA:28,2,0,2
BRDA:28,2,1,2
BRDA:35,3,0,1
BRDA:35,3,1,1
BRDA:40,4,0,1
BRDA:40,4,1,2
BRDA:52,5,0,1
BRDA:52,5,1,3
BRDA:55,6,0,1
BRDA:55,6,1,2
BRDA:56,7,0,1
BRDA:56,7,1,1
BRDA:68,8,0,1
BRDA:68,8,1,4
BRDA:76,9,0,1
BRDA:76,9,1,3
BRDA:79,10,0,1
BRDA:79,10,1,2
BRDA:80,11,0,1
BRDA:80,11,1,1
BRDA:92,12,0,1
BRDA:92,12,1,3
BRDA:95,13,0,1
BRDA:95,13,1,2
BRDA:96,14,0,1
BRDA:96,14,1,1
BRF:30
BRH:30
end_of_record
TN:
SF:app\models\todo.js
FNF:0
FNH:0
DA:1,1
DA:2,1
DA:4,1
DA:19,1
DA:20,1
LF:5
LH:5
BRF:0
BRH:0
end_of_record
TN:
SF:app\swagger\schema.js
FN:9,(anonymous_0)
FN:13,(anonymous_1)
FNF:2
FNH:2
FNDA:22,(anonymous_0)
FNDA:27,(anonymous_1)
DA:1,1
DA:2,1
DA:3,1
DA:5,1
DA:6,1
DA:9,1
DA:10,22
DA:12,22
DA:13,27
DA:14,22
DA:15,22
DA:17,16
LF:12
LH:12
BRDA:14,0,0,22
BRDA:14,0,1,14
BRDA:15,1,0,6
BRDA:15,1,1,16
BRF:4
BRH:4
end_of_record
