TN:
SF:app\controllers\todo.controller.js
FN:5,(anonymous_0)
FN:15,(anonymous_1)
FN:26,(anonymous_2)
FN:39,(anonymous_3)
FN:42,(anonymous_4)
FN:50,(anonymous_5)
FN:59,(anonymous_6)
FN:71,(anonymous_7)
FN:88,(anonymous_8)
FN:100,(anonymous_9)
FN:109,(anonymous_10)
FNF:11
FNH:10
FNDA:3,(anonymous_0)
FNDA:2,(anonymous_1)
FNDA:4,(anonymous_2)
FNDA:3,(anonymous_3)
FNDA:0,(anonymous_4)
FNDA:4,(anonymous_5)
FNDA:3,(anonymous_6)
FNDA:5,(anonymous_7)
FNDA:3,(anonymous_8)
FNDA:4,(anonymous_9)
FNDA:3,(anonymous_10)
DA:1,1
DA:2,1
DA:4,1
DA:6,3
DA:13,3
DA:15,2
DA:16,2
DA:18,1
DA:27,4
DA:28,4
DA:29,2
DA:35,2
DA:36,1
DA:39,3
DA:40,3
DA:42,2
DA:51,4
DA:57,4
DA:59,3
DA:60,3
DA:61,2
DA:63,1
DA:72,5
DA:78,5
DA:80,4
DA:86,4
DA:88,3
DA:89,3
DA:90,2
DA:92,1
DA:101,4
DA:107,4
DA:109,3
DA:110,3
DA:111,2
DA:113,1
DA:118,1
LF:37
LH:37
BRDA:13,0,0,1
BRDA:13,0,1,2
BRDA:16,1,0,1
BRDA:16,1,1,1
BRDA:28,2,0,2
BRDA:28,2,1,2
BRDA:35,3,0,1
BRDA:35,3,1,1
BRDA:40,4,0,1
BRDA:40,4,1,2
BRDA:57,5,0,1
BRDA:57,5,1,3
BRDA:60,6,0,1
BRDA:60,6,1,2
BRDA:61,7,0,1
BRDA:61,7,1,1
BRDA:78,8,0,1
BRDA:78,8,1,4
BRDA:86,9,0,1
BRDA:86,9,1,3
BRDA:89,10,0,1
BRDA:89,10,1,2
BRDA:90,11,0,1
BRDA:90,11,1,1
BRDA:107,12,0,1
BRDA:107,12,1,3
BRDA:110,13,0,1
BRDA:110,13,1,2
BRDA:111,14,0,1
BRDA:111,14,1,1
BRF:30
BRH:30
end_of_record
TN:
SF:app\models\todo.js
FNF:0
FNH:0
DA:1,1
DA:2,1
DA:4,1
DA:19,1
DA:20,1
LF:5
LH:5
BRF:0
BRH:0
end_of_record
TN:
SF:app\swagger\schema.js
FN:9,(anonymous_0)
FN:13,(anonymous_1)
FNF:2
FNH:2
FNDA:22,(anonymous_0)
FNDA:27,(anonymous_1)
DA:1,1
DA:2,1
DA:3,1
DA:5,1
DA:6,1
DA:9,1
DA:10,22
DA:12,22
DA:13,27
DA:14,22
DA:15,22
DA:17,16
LF:12
LH:12
BRDA:14,0,0,22
BRDA:14,0,1,14
BRDA:15,1,0,6
BRDA:15,1,1,16
BRF:4
BRH:4
end_of_record
